2024-11-03 05:20:17.732 | SUCCESS  | api.v1.apps.client.service.service:insert:62 - Novo cliente registrado com sucesso
2024-11-03 05:20:17.751 | SUCCESS  | api.v1.apps.products.service.service:insert:63 - Novo produto registrado com sucesso
2024-11-03 05:20:17.781 | SUCCESS  | api.v1.apps.client.service.service:insert:62 - Novo cliente registrado com sucesso
2024-11-03 05:20:17.793 | SUCCESS  | api.v1.apps.products.service.service:insert:63 - Novo produto registrado com sucesso
2024-11-03 05:20:17.808 | SUCCESS  | api.v1.apps.plan.service.service:insert:80 - Novo plan registrado com sucesso
2024-11-03 05:20:17.820 | SUCCESS  | api.v1.apps.client.service.service:insert:62 - Novo cliente registrado com sucesso
2024-11-03 05:20:17.830 | SUCCESS  | api.v1.apps.products.service.service:insert:63 - Novo produto registrado com sucesso
2024-11-03 05:20:17.846 | SUCCESS  | api.v1.apps.client.service.service:insert:62 - Novo cliente registrado com sucesso
2024-11-03 05:20:17.854 | SUCCESS  | api.v1.apps.products.service.service:insert:63 - Novo produto registrado com sucesso
2024-11-03 05:20:17.862 | SUCCESS  | api.v1.apps.plan.service.service:insert:80 - Novo plan registrado com sucesso
2024-11-03 05:20:17.872 | SUCCESS  | api.v1.apps.extra_contribution.service.service:insert:53 - Novo aporte registrado com sucesso
2024-11-03 05:20:17.884 | SUCCESS  | api.v1.apps.client.service.service:insert:62 - Novo cliente registrado com sucesso
2024-11-03 05:20:17.892 | SUCCESS  | api.v1.apps.products.service.service:insert:63 - Novo produto registrado com sucesso
2024-11-03 05:20:17.900 | SUCCESS  | api.v1.apps.plan.service.service:insert:80 - Novo plan registrado com sucesso
2024-11-03 05:20:17.911 | SUCCESS  | api.v1.apps.client.service.service:insert:62 - Novo cliente registrado com sucesso
2024-11-03 05:20:17.919 | SUCCESS  | api.v1.apps.products.service.service:insert:63 - Novo produto registrado com sucesso
2024-11-03 05:20:17.927 | SUCCESS  | api.v1.apps.plan.service.service:insert:80 - Novo plan registrado com sucesso
2024-11-03 05:20:17.942 | SUCCESS  | api.v1.apps.rescue.service.service:insert:58 - Novo resgate registrado com sucesso
2024-11-03 05:20:17.951 | SUCCESS  | api.v1.apps.client.service.service:insert:62 - Novo cliente registrado com sucesso
2024-11-03 05:20:17.958 | SUCCESS  | api.v1.apps.products.service.service:insert:63 - Novo produto registrado com sucesso
2024-11-03 05:20:17.963 | SUCCESS  | api.v1.apps.plan.service.service:insert:80 - Novo plan registrado com sucesso
2024-11-03 05:20:17.976 | SUCCESS  | api.v1.apps.client.service.service:insert:62 - Novo cliente registrado com sucesso
2024-11-03 05:20:17.982 | SUCCESS  | api.v1.apps.products.service.service:insert:63 - Novo produto registrado com sucesso
2024-11-03 05:20:17.988 | SUCCESS  | api.v1.apps.plan.service.service:insert:80 - Novo plan registrado com sucesso
